<?xml version="1.0" encoding="UTF-8"?>
<!-- Generated by org.testng.reporters.JUnitReportReporter -->
<testsuite skipped="0" hostname="hp" name="com.salesforce.TrialAccount" tests="1" failures="0" timestamp="2022-04-22T21:34:08 IST" time="16.543" errors="0">
  <testcase name="newTrialAccount" time="16.543" classname="com.salesforce.TrialAccount"/>
  <system-out/>
</testsuite> <!-- com.salesforce.TrialAccount -->
