<?xml version="1.0" encoding="UTF-8"?>
<!-- Generated by org.testng.reporters.JUnitReportReporter -->
<testsuite skipped="0" hostname="hp" name="com.salesforce.LoginTest" tests="1" failures="0" timestamp="2022-04-14T12:50:44 IST" time="30.148" errors="0">
  <testcase name="loginTest" time="30.148" classname="com.salesforce.LoginTest"/>
  <system-out/>
</testsuite> <!-- com.salesforce.LoginTest -->
